<?xml version="1.0" encoding="UTF-8"?>
<testsuite xmlns:xsi="http://www.w3.org/2001/XMLSchema-instance" xsi:noNamespaceSchemaLocation="https://maven.apache.org/surefire/maven-surefire-plugin/xsd/surefire-test-report-3.0.xsd" version="3.0" name="cn.piggy.myspring.MySpringTest" time="0.293" tests="1" errors="0" skipped="0" failures="0">
  <properties>
[...]
</properties>
  <testcase name="testMySpring" classname="cn.piggy.myspring.MySpringTest" time="0.265">
    <system-out><![CDATA[Vip{name='jackson', age=18, height=1.8}
]]></system-out>
  </testcase>
</testsuite>